<?xml version="1.0" encoding="UTF-8"?>
<!-- Generated by org.testng.reporters.JUnitReportReporter -->
<testsuite hostname="DESKTOP-8IGVU3A" failures="0" tests="1" name="TestCases.TC3_WrongSearch" time="4.687" errors="0" timestamp="2023-10-07T03:05:33 EEST" skipped="0">
  <testcase classname="TestCases.TC3_WrongSearch" name="validateCorrectionOfKeyword" time="4.687"/>
</testsuite> <!-- TestCases.TC3_WrongSearch -->
